<?xml version="1.0" encoding="UTF-8"?>
<testsuite xmlns:xsi="http://www.w3.org/2001/XMLSchema-instance" xsi:noNamespaceSchemaLocation="https://maven.apache.org/surefire/maven-surefire-plugin/xsd/surefire-test-report-3.0.xsd" version="3.0" name="stepDefintions.RunCukeTest" time="23.591" tests="3" errors="0" skipped="0" failures="2">
  <properties>
[...]
</properties>
  <testcase name="Verify borrowing estimate" classname="Home loan borrowing power calculator" time="12.617">
    <failure type="java.lang.AssertionError"><![CDATA[java.lang.AssertionError: estimate borrowing doesn't matched
]]></failure>
    <system-out><![CDATA[Creating webdriver

@feature @scenario1
Scenario Outline: Verify borrowing estimate                                                                      &amp#27;[90m# features/test.feature:13&amp#27;[0m
page factory
step
  &amp#27;[32mGiven &amp#27;[0m&amp#27;[32mOpen Home loan borrowing power calculator&amp#27;[0m                                                                &amp#27;[90m# stepDefintions.step.Open_Home_loan_borrowing_power_calculator()&amp#27;[0m
Single is clicked
Home to live is clicked
Person details are entered
  &amp#27;[32mAnd &amp#27;[0m&amp#27;[32mPerson with details "&amp#27;[0m&amp#27;[32m&amp#27;[1mSingle&amp#27;[0m&amp#27;[32m", "&amp#27;[0m&amp#27;[32m&amp#27;[1m0&amp#27;[0m&amp#27;[32m", "&amp#27;[0m&amp#27;[32m&amp#27;[1mhome to live in&amp#27;[0m&amp#27;[32m", "&amp#27;[0m&amp#27;[32m&amp#27;[1m80000&amp#27;[0m&amp#27;[32m", "&amp#27;[0m&amp#27;[32m&amp#27;[1m10000&amp#27;[0m&amp#27;[32m", "&amp#27;[0m&amp#27;[32m&amp#27;[1m500&amp#27;[0m&amp#27;[32m", "&amp#27;[0m&amp#27;[32m&amp#27;[1m0&amp#27;[0m&amp#27;[32m", "&amp#27;[0m&amp#27;[32m&amp#27;[1m100&amp#27;[0m&amp#27;[32m", "&amp#27;[0m&amp#27;[32m&amp#27;[1m0&amp#27;[0m&amp#27;[32m" and "&amp#27;[0m&amp#27;[32m&amp#27;[1m10000&amp#27;[0m&amp#27;[32m"&amp#27;[0m &amp#27;[90m# stepDefintions.step.person_with_details(java.lang.String,java.lang.String,java.lang.String,java.lang.String,java.lang.String,java.lang.String,java.lang.String,java.lang.String,java.lang.String,java.lang.String)&amp#27;[0m
Work_out_how_much_I_could_borrow button is clicked
  &amp#27;[32mThen &amp#27;[0m&amp#27;[32mclick on Work out how much I could borrow button&amp#27;[0m                                                          &amp#27;[90m# stepDefintions.step.click_on_Work_out_how_much_I_could_borrow_button()&amp#27;[0m
We estimate you could borrow : $447,000
estimate borrowing doesn't matched
  &amp#27;[31mAnd &amp#27;[0m&amp#27;[31mVerify has a borrowing estimate of "&amp#27;[0m&amp#27;[31m&amp#27;[1m$479,000&amp#27;[0m&amp#27;[31m"&amp#27;[0m                                                              &amp#27;[90m# stepDefintions.step.verify_has_a_borrowing_estimate_of(java.lang.String)&amp#27;[0m
      &amp#27;[31mjava.lang.AssertionError: estimate borrowing doesn't matched
	at org.junit.Assert.fail(Assert.java:89)
	at page.CalculatorPage.verifyEstimatedBorrowing(CalculatorPage.java:146)
	at stepDefintions.step.verify_has_a_borrowing_estimate_of(step.java:35)
	at âœ½.Verify has a borrowing estimate of "$479,000"(classpath:features/test.feature:9)
&amp#27;[0m

    Embedding screenshot [image/png 98443 bytes]

attached failed screenshot
]]></system-out>
    <system-err><![CDATA[Starting ChromeDriver 106.0.5249.61 (511755355844955cd3e264779baf0dd38212a4d0-refs/branch-heads/5249@{#569}) on port 48290
Only local connections are allowed.
Please see https://chromedriver.chromium.org/security-considerations for suggestions on keeping ChromeDriver safe.
ChromeDriver was started successfully.
Dec 13, 2022 3:28:22 PM org.openqa.selenium.remote.ProtocolHandshake createSession
INFO: Detected dialect: W3C
]]></system-err>
  </testcase>
  <testcase name="Verify start over button" classname="Home loan borrowing power calculator" time="0.238">
    <system-out><![CDATA[
@feature @scenario2
Scenario: Verify start over button &amp#27;[90m# features/test.feature:16&amp#27;[0m
page factory
Start over button is clicked
  &amp#27;[32mWhen &amp#27;[0m&amp#27;[32mclick on start over button&amp#27;[0m  &amp#27;[90m# stepDefintions.step.click_on_start_over_button()&amp#27;[0m
Form clears
  &amp#27;[32mThen &amp#27;[0m&amp#27;[32mverify form clears&amp#27;[0m          &amp#27;[90m# stepDefintions.step.verify_form_clears()&amp#27;[0m
]]></system-out>
  </testcase>
  <testcase name="Verify error text message" classname="Home loan borrowing power calculator" time="4.108">
    <failure type="java.lang.AssertionError"><![CDATA[java.lang.AssertionError: wrong error message is displayed
]]></failure>
    <system-out><![CDATA[
@feature @scenario3
Scenario Outline: Verify error text message                                                      &amp#27;[90m# features/test.feature:29&amp#27;[0m
page factory
step
  &amp#27;[32mGiven &amp#27;[0m&amp#27;[32mOpen Home loan borrowing power calculator&amp#27;[0m                                                &amp#27;[90m# stepDefintions.step.Open_Home_loan_borrowing_power_calculator()&amp#27;[0m
Single is clicked
Home to live is clicked
Person details are entered
  &amp#27;[32mAnd &amp#27;[0m&amp#27;[32mPerson with details "&amp#27;[0m&amp#27;[32m&amp#27;[1mSingle&amp#27;[0m&amp#27;[32m", "&amp#27;[0m&amp#27;[32m&amp#27;[1m0&amp#27;[0m&amp#27;[32m", "&amp#27;[0m&amp#27;[32m&amp#27;[1mhome to live in&amp#27;[0m&amp#27;[32m", "&amp#27;[0m&amp#27;[32m&amp#27;[1m0&amp#27;[0m&amp#27;[32m", "&amp#27;[0m&amp#27;[32m&amp#27;[1m0&amp#27;[0m&amp#27;[32m", "&amp#27;[0m&amp#27;[32m&amp#27;[1m1&amp#27;[0m&amp#27;[32m", "&amp#27;[0m&amp#27;[32m&amp#27;[1m0&amp#27;[0m&amp#27;[32m", "&amp#27;[0m&amp#27;[32m&amp#27;[1m0&amp#27;[0m&amp#27;[32m", "&amp#27;[0m&amp#27;[32m&amp#27;[1m0&amp#27;[0m&amp#27;[32m" and "&amp#27;[0m&amp#27;[32m&amp#27;[1m0&amp#27;[0m&amp#27;[32m"&amp#27;[0m &amp#27;[90m# stepDefintions.step.person_with_details(java.lang.String,java.lang.String,java.lang.String,java.lang.String,java.lang.String,java.lang.String,java.lang.String,java.lang.String,java.lang.String,java.lang.String)&amp#27;[0m
Work_out_how_much_I_could_borrow button is clicked
  &amp#27;[32mThen &amp#27;[0m&amp#27;[32mclick on Work out how much I could borrow button&amp#27;[0m                                          &amp#27;[90m# stepDefintions.step.click_on_Work_out_how_much_I_could_borrow_button()&amp#27;[0m
wrong error message is displayed
displayed error message :Based on the details you've entered, we're unable to give you an estimate of your borrowing power with this calculator. For questions, call us on 1800 035 500.
  &amp#27;[31mAnd &amp#27;[0m&amp#27;[31mVerify the text message&amp#27;[0m                                                                    &amp#27;[90m# stepDefintions.step.verify_the_text_message()&amp#27;[0m
      &amp#27;[31mjava.lang.AssertionError: wrong error message is displayed
	at org.junit.Assert.fail(Assert.java:89)
	at page.CalculatorPage.verify_error_text_message(CalculatorPage.java:172)
	at stepDefintions.step.verify_the_text_message(step.java:50)
	at âœ½.Verify the text message(classpath:features/test.feature:25)
&amp#27;[0m

    Embedding screenshot [image/png 87982 bytes]

attached failed screenshot
]]></system-out>
  </testcase>
</testsuite>